<?xml version="1.0" encoding="UTF-8"?>
<testng-results skipped="2" failed="0" ignored="0" total="5" passed="3">
  <reporter-output>
  </reporter-output>
  <suite name="Default suite" duration-ms="54" started-at="2020-04-01T10:33:33 EDT" finished-at="2020-04-01T10:33:33 EDT">
    <groups>
    </groups>
    <test name="Default test" duration-ms="54" started-at="2020-04-01T10:33:33 EDT" finished-at="2020-04-01T10:33:33 EDT">
      <class name="testng.TestNGAnnotations">
        <test-method status="PASS" signature="connectToDataBase()[pri:0, instance:testng.TestNGAnnotations@4f063c0a]" name="connectToDataBase" is-config="true" duration-ms="19" started-at="2020-04-01T10:33:33 EDT" finished-at="2020-04-01T10:33:33 EDT">
          <reporter-output>
          </reporter-output>
        </test-method> <!-- connectToDataBase -->
        <test-method status="PASS" signature="initializeReport()[pri:0, instance:testng.TestNGAnnotations@4f063c0a]" name="initializeReport" is-config="true" duration-ms="0" started-at="2020-04-01T10:33:33 EDT" finished-at="2020-04-01T10:33:33 EDT">
          <reporter-output>
          </reporter-output>
        </test-method> <!-- initializeReport -->
        <test-method status="PASS" signature="initializeDriver()[pri:0, instance:testng.TestNGAnnotations@4f063c0a]" name="initializeDriver" is-config="true" duration-ms="1" started-at="2020-04-01T10:33:33 EDT" finished-at="2020-04-01T10:33:33 EDT">
          <reporter-output>
          </reporter-output>
        </test-method> <!-- initializeDriver -->
        <test-method status="PASS" signature="login()[pri:0, instance:testng.TestNGAnnotations@4f063c0a]" name="login" is-config="true" duration-ms="0" started-at="2020-04-01T10:33:33 EDT" finished-at="2020-04-01T10:33:33 EDT">
          <reporter-output>
          </reporter-output>
        </test-method> <!-- login -->
        <test-method status="PASS" signature="testMethod1()[pri:0, instance:testng.TestNGAnnotations@4f063c0a]" name="testMethod1" duration-ms="6" started-at="2020-04-01T10:33:33 EDT" finished-at="2020-04-01T10:33:33 EDT">
          <reporter-output>
          </reporter-output>
        </test-method> <!-- testMethod1 -->
        <test-method status="PASS" signature="logout()[pri:0, instance:testng.TestNGAnnotations@4f063c0a]" name="logout" is-config="true" duration-ms="0" started-at="2020-04-01T10:33:33 EDT" finished-at="2020-04-01T10:33:33 EDT">
          <reporter-output>
          </reporter-output>
        </test-method> <!-- logout -->
        <test-method status="PASS" signature="login()[pri:0, instance:testng.TestNGAnnotations@4f063c0a]" name="login" is-config="true" duration-ms="1" started-at="2020-04-01T10:33:33 EDT" finished-at="2020-04-01T10:33:33 EDT">
          <reporter-output>
          </reporter-output>
        </test-method> <!-- login -->
        <test-method status="SKIP" signature="testMethod2()[pri:0, instance:testng.TestNGAnnotations@4f063c0a]" name="testMethod2" duration-ms="1" started-at="2020-04-01T10:33:33 EDT" finished-at="2020-04-01T10:33:33 EDT">
          <exception class="org.testng.SkipException">
            <message>
              <![CDATA[This method is skipped as it is not ready to be executed]]>
            </message>
            <full-stacktrace>
              <![CDATA[org.testng.SkipException: This method is skipped as it is not ready to be executed
at testng.TestNGAnnotations.testMethod2(TestNGAnnotations.java:58)
at sun.reflect.NativeMethodAccessorImpl.invoke0(Native Method)
at sun.reflect.NativeMethodAccessorImpl.invoke(Unknown Source)
at sun.reflect.DelegatingMethodAccessorImpl.invoke(Unknown Source)
at java.lang.reflect.Method.invoke(Unknown Source)
at org.testng.internal.MethodInvocationHelper.invokeMethod(MethodInvocationHelper.java:133)
at org.testng.internal.TestInvoker.invokeMethod(TestInvoker.java:584)
at org.testng.internal.TestInvoker.invokeTestMethod(TestInvoker.java:172)
at org.testng.internal.MethodRunner.runInSequence(MethodRunner.java:46)
at org.testng.internal.TestInvoker$MethodInvocationAgent.invoke(TestInvoker.java:804)
at org.testng.internal.TestInvoker.invokeTestMethods(TestInvoker.java:145)
at org.testng.internal.TestMethodWorker.invokeTestMethods(TestMethodWorker.java:146)
at org.testng.internal.TestMethodWorker.run(TestMethodWorker.java:128)
at java.util.ArrayList.forEach(Unknown Source)
at org.testng.TestRunner.privateRun(TestRunner.java:770)
at org.testng.TestRunner.run(TestRunner.java:591)
at org.testng.SuiteRunner.runTest(SuiteRunner.java:402)
at org.testng.SuiteRunner.runSequentially(SuiteRunner.java:396)
at org.testng.SuiteRunner.privateRun(SuiteRunner.java:355)
at org.testng.SuiteRunner.run(SuiteRunner.java:304)
at org.testng.SuiteRunnerWorker.runSuite(SuiteRunnerWorker.java:53)
at org.testng.SuiteRunnerWorker.run(SuiteRunnerWorker.java:96)
at org.testng.TestNG.runSuitesSequentially(TestNG.java:1180)
at org.testng.TestNG.runSuitesLocally(TestNG.java:1102)
at org.testng.TestNG.runSuites(TestNG.java:1032)
at org.testng.TestNG.run(TestNG.java:1000)
at org.testng.remote.AbstractRemoteTestNG.run(AbstractRemoteTestNG.java:115)
at org.testng.remote.RemoteTestNG.initAndRun(RemoteTestNG.java:251)
at org.testng.remote.RemoteTestNG.main(RemoteTestNG.java:77)
]]>
            </full-stacktrace>
          </exception> <!-- org.testng.SkipException -->
          <reporter-output>
          </reporter-output>
        </test-method> <!-- testMethod2 -->
        <test-method status="PASS" signature="logout()[pri:0, instance:testng.TestNGAnnotations@4f063c0a]" name="logout" is-config="true" duration-ms="0" started-at="2020-04-01T10:33:33 EDT" finished-at="2020-04-01T10:33:33 EDT">
          <reporter-output>
          </reporter-output>
        </test-method> <!-- logout -->
        <test-method status="PASS" signature="login()[pri:0, instance:testng.TestNGAnnotations@4f063c0a]" name="login" is-config="true" duration-ms="0" started-at="2020-04-01T10:33:33 EDT" finished-at="2020-04-01T10:33:33 EDT">
          <reporter-output>
          </reporter-output>
        </test-method> <!-- login -->
        <test-method status="PASS" signature="testMethod3()[pri:0, instance:testng.TestNGAnnotations@4f063c0a]" name="testMethod3" duration-ms="1" started-at="2020-04-01T10:33:33 EDT" finished-at="2020-04-01T10:33:33 EDT">
          <reporter-output>
          </reporter-output>
        </test-method> <!-- testMethod3 -->
        <test-method status="PASS" signature="login()[pri:0, instance:testng.TestNGAnnotations@4f063c0a]" name="login" is-config="true" duration-ms="1" started-at="2020-04-01T10:33:33 EDT" finished-at="2020-04-01T10:33:33 EDT">
          <reporter-output>
          </reporter-output>
        </test-method> <!-- login -->
        <test-method status="PASS" signature="logout()[pri:0, instance:testng.TestNGAnnotations@4f063c0a]" name="logout" is-config="true" duration-ms="0" started-at="2020-04-01T10:33:33 EDT" finished-at="2020-04-01T10:33:33 EDT">
          <reporter-output>
          </reporter-output>
        </test-method> <!-- logout -->
        <test-method status="SKIP" signature="testMethod4()[pri:0, instance:testng.TestNGAnnotations@4f063c0a]" name="testMethod4" duration-ms="1" started-at="2020-04-01T10:33:33 EDT" finished-at="2020-04-01T10:33:33 EDT">
          <exception class="org.testng.SkipException">
            <message>
              <![CDATA[This method is skipped as it is not ready to be executed]]>
            </message>
            <full-stacktrace>
              <![CDATA[org.testng.SkipException: This method is skipped as it is not ready to be executed
at testng.TestNGAnnotations.testMethod4(TestNGAnnotations.java:67)
at sun.reflect.NativeMethodAccessorImpl.invoke0(Native Method)
at sun.reflect.NativeMethodAccessorImpl.invoke(Unknown Source)
at sun.reflect.DelegatingMethodAccessorImpl.invoke(Unknown Source)
at java.lang.reflect.Method.invoke(Unknown Source)
at org.testng.internal.MethodInvocationHelper.invokeMethod(MethodInvocationHelper.java:133)
at org.testng.internal.TestInvoker.invokeMethod(TestInvoker.java:584)
at org.testng.internal.TestInvoker.invokeTestMethod(TestInvoker.java:172)
at org.testng.internal.MethodRunner.runInSequence(MethodRunner.java:46)
at org.testng.internal.TestInvoker$MethodInvocationAgent.invoke(TestInvoker.java:804)
at org.testng.internal.TestInvoker.invokeTestMethods(TestInvoker.java:145)
at org.testng.internal.TestMethodWorker.invokeTestMethods(TestMethodWorker.java:146)
at org.testng.internal.TestMethodWorker.run(TestMethodWorker.java:128)
at java.util.ArrayList.forEach(Unknown Source)
at org.testng.TestRunner.privateRun(TestRunner.java:770)
at org.testng.TestRunner.run(TestRunner.java:591)
at org.testng.SuiteRunner.runTest(SuiteRunner.java:402)
at org.testng.SuiteRunner.runSequentially(SuiteRunner.java:396)
at org.testng.SuiteRunner.privateRun(SuiteRunner.java:355)
at org.testng.SuiteRunner.run(SuiteRunner.java:304)
at org.testng.SuiteRunnerWorker.runSuite(SuiteRunnerWorker.java:53)
at org.testng.SuiteRunnerWorker.run(SuiteRunnerWorker.java:96)
at org.testng.TestNG.runSuitesSequentially(TestNG.java:1180)
at org.testng.TestNG.runSuitesLocally(TestNG.java:1102)
at org.testng.TestNG.runSuites(TestNG.java:1032)
at org.testng.TestNG.run(TestNG.java:1000)
at org.testng.remote.AbstractRemoteTestNG.run(AbstractRemoteTestNG.java:115)
at org.testng.remote.RemoteTestNG.initAndRun(RemoteTestNG.java:251)
at org.testng.remote.RemoteTestNG.main(RemoteTestNG.java:77)
]]>
            </full-stacktrace>
          </exception> <!-- org.testng.SkipException -->
          <reporter-output>
          </reporter-output>
        </test-method> <!-- testMethod4 -->
        <test-method status="PASS" signature="login()[pri:0, instance:testng.TestNGAnnotations@4f063c0a]" name="login" is-config="true" duration-ms="0" started-at="2020-04-01T10:33:33 EDT" finished-at="2020-04-01T10:33:33 EDT">
          <reporter-output>
          </reporter-output>
        </test-method> <!-- login -->
        <test-method status="PASS" signature="testMethod5()[pri:0, instance:testng.TestNGAnnotations@4f063c0a]" name="testMethod5" duration-ms="2" started-at="2020-04-01T10:33:33 EDT" finished-at="2020-04-01T10:33:33 EDT">
          <reporter-output>
          </reporter-output>
        </test-method> <!-- testMethod5 -->
        <test-method status="PASS" signature="logout()[pri:0, instance:testng.TestNGAnnotations@4f063c0a]" name="logout" is-config="true" duration-ms="0" started-at="2020-04-01T10:33:33 EDT" finished-at="2020-04-01T10:33:33 EDT">
          <reporter-output>
          </reporter-output>
        </test-method> <!-- logout -->
        <test-method status="PASS" signature="logout()[pri:0, instance:testng.TestNGAnnotations@4f063c0a]" name="logout" is-config="true" duration-ms="0" started-at="2020-04-01T10:33:33 EDT" finished-at="2020-04-01T10:33:33 EDT">
          <reporter-output>
          </reporter-output>
        </test-method> <!-- logout -->
        <test-method status="PASS" signature="quitDriver()[pri:0, instance:testng.TestNGAnnotations@4f063c0a]" name="quitDriver" is-config="true" duration-ms="1" started-at="2020-04-01T10:33:33 EDT" finished-at="2020-04-01T10:33:33 EDT">
          <reporter-output>
          </reporter-output>
        </test-method> <!-- quitDriver -->
        <test-method status="PASS" signature="generateReport()[pri:0, instance:testng.TestNGAnnotations@4f063c0a]" name="generateReport" is-config="true" duration-ms="0" started-at="2020-04-01T10:33:33 EDT" finished-at="2020-04-01T10:33:33 EDT">
          <reporter-output>
          </reporter-output>
        </test-method> <!-- generateReport -->
        <test-method status="PASS" signature="closeDataBaseConnection()[pri:0, instance:testng.TestNGAnnotations@4f063c0a]" name="closeDataBaseConnection" is-config="true" duration-ms="0" started-at="2020-04-01T10:33:33 EDT" finished-at="2020-04-01T10:33:33 EDT">
          <reporter-output>
          </reporter-output>
        </test-method> <!-- closeDataBaseConnection -->
      </class> <!-- testng.TestNGAnnotations -->
    </test> <!-- Default test -->
  </suite> <!-- Default suite -->
</testng-results>
